<?xml version="1.0" encoding="UTF-8"?>
<!-- Generated by org.testng.reporters.JUnitReportReporter -->
<testsuite hostname="JFK-DSENA" failures="0" tests="1" name="TestCases.SignInAttempt" time="13.359" errors="0" timestamp="2021-08-19T10:57:36 EDT" skipped="0">
  <testcase classname="TestCases.SignInAttempt" name="loginApp" time="13.359"/>
  <system-out/>
</testsuite> <!-- TestCases.SignInAttempt -->
